{
"contracts/CarbonCreditNFT.sol":{"l":{"63":14,"64":14,"65":14,"66":14,"74":18,"75":17,"80":17,"81":17,"82":17,"91":6,"92":6,"94":6,"96":6,"97":0,"100":6,"101":6,"102":6,"105":6,"106":6,"107":6,"109":6,"110":5,"111":3,"113":3,"114":3,"115":3,"117":2,"119":2,"120":2,"121":2,"124":2,"140":3,"141":3,"148":3,"155":2},"path":"/Users/yds/Desktop/CSBC2010/CarbonCreditNFT/contracts/CarbonCreditNFT.sol","s":{"1":18,"2":17,"3":17,"4":6,"5":6,"6":6,"7":6,"8":0,"9":6,"10":6,"11":6,"12":6,"13":6,"14":6,"15":6,"16":5,"17":3,"18":3,"19":3,"20":3,"21":2,"22":2,"23":2,"24":3,"25":3,"26":3,"27":2},"b":{"1":[18,1],"2":[17,1],"3":[6,0],"4":[6,0],"5":[0,6],"6":[0,0],"7":[5,1],"8":[3,2],"9":[3,0],"10":[2,1],"11":[3,0],"12":[2,0]},"f":{"1":14,"2":18,"3":6,"4":3,"5":3,"6":2},"fnMap":{"1":{"name":"constructor","line":61,"loc":{"start":{"line":59,"column":4},"end":{"line":67,"column":4}}},"2":{"name":"registerProject","line":73,"loc":{"start":{"line":73,"column":4},"end":{"line":83,"column":4}}},"3":{"name":"mintCarbonCredit","line":90,"loc":{"start":{"line":90,"column":4},"end":{"line":125,"column":4}}},"4":{"name":"calculateCO2Reduction","line":134,"loc":{"start":{"line":134,"column":4},"end":{"line":142,"column":4}}},"5":{"name":"pause","line":147,"loc":{"start":{"line":147,"column":4},"end":{"line":149,"column":4}}},"6":{"name":"unpause","line":154,"loc":{"start":{"line":154,"column":4},"end":{"line":156,"column":4}}}},"statementMap":{"1":{"start":{"line":74,"column":8},"end":{"line":74,"column":91}},"2":{"start":{"line":80,"column":8},"end":{"line":80,"column":68}},"3":{"start":{"line":81,"column":8},"end":{"line":81,"column":57}},"4":{"start":{"line":91,"column":8},"end":{"line":91,"column":53}},"5":{"start":{"line":92,"column":8},"end":{"line":92,"column":83}},"6":{"start":{"line":94,"column":8},"end":{"line":94,"column":45}},"7":{"start":{"line":96,"column":8},"end":{"line":96,"column":3826}},"8":{"start":{"line":97,"column":12},"end":{"line":97,"column":109}},"9":{"start":{"line":100,"column":8},"end":{"line":100,"column":85}},"10":{"start":{"line":101,"column":8},"end":{"line":101,"column":97}},"11":{"start":{"line":102,"column":8},"end":{"line":102,"column":91}},"12":{"start":{"line":105,"column":8},"end":{"line":105,"column":77}},"13":{"start":{"line":106,"column":8},"end":{"line":106,"column":90}},"14":{"start":{"line":107,"column":8},"end":{"line":107,"column":94}},"15":{"start":{"line":109,"column":8},"end":{"line":109,"column":79}},"16":{"start":{"line":110,"column":8},"end":{"line":110,"column":96}},"17":{"start":{"line":111,"column":8},"end":{"line":111,"column":104}},"18":{"start":{"line":113,"column":8},"end":{"line":113,"column":114}},"19":{"start":{"line":114,"column":8},"end":{"line":114,"column":55}},"20":{"start":{"line":115,"column":8},"end":{"line":115,"column":82}},"21":{"start":{"line":119,"column":8},"end":{"line":119,"column":5227}},"22":{"start":{"line":120,"column":12},"end":{"line":120,"column":45}},"23":{"start":{"line":124,"column":8},"end":{"line":124,"column":83}},"24":{"start":{"line":140,"column":8},"end":{"line":140,"column":99}},"25":{"start":{"line":141,"column":8},"end":{"line":141,"column":31}},"26":{"start":{"line":148,"column":8},"end":{"line":148,"column":15}},"27":{"start":{"line":155,"column":8},"end":{"line":155,"column":17}}},"branchMap":{"1":{"line":73,"type":"if","locations":[{"start":{"line":73,"column":60},"end":{"line":73,"column":60}},{"start":{"line":73,"column":60},"end":{"line":73,"column":60}}]},"2":{"line":74,"type":"if","locations":[{"start":{"line":74,"column":8},"end":{"line":74,"column":8}},{"start":{"line":74,"column":8},"end":{"line":74,"column":8}}]},"3":{"line":90,"type":"if","locations":[{"start":{"line":90,"column":75},"end":{"line":90,"column":75}},{"start":{"line":90,"column":75},"end":{"line":90,"column":75}}]},"4":{"line":92,"type":"if","locations":[{"start":{"line":92,"column":8},"end":{"line":92,"column":8}},{"start":{"line":92,"column":8},"end":{"line":92,"column":8}}]},"5":{"line":96,"type":"if","locations":[{"start":{"line":96,"column":8},"end":{"line":96,"column":8}},{"start":{"line":96,"column":8},"end":{"line":96,"column":8}}]},"6":{"line":97,"type":"if","locations":[{"start":{"line":97,"column":12},"end":{"line":97,"column":12}},{"start":{"line":97,"column":12},"end":{"line":97,"column":12}}]},"7":{"line":109,"type":"if","locations":[{"start":{"line":109,"column":8},"end":{"line":109,"column":8}},{"start":{"line":109,"column":8},"end":{"line":109,"column":8}}]},"8":{"line":110,"type":"if","locations":[{"start":{"line":110,"column":8},"end":{"line":110,"column":8}},{"start":{"line":110,"column":8},"end":{"line":110,"column":8}}]},"9":{"line":111,"type":"if","locations":[{"start":{"line":111,"column":8},"end":{"line":111,"column":8}},{"start":{"line":111,"column":8},"end":{"line":111,"column":8}}]},"10":{"line":115,"type":"if","locations":[{"start":{"line":115,"column":8},"end":{"line":115,"column":8}},{"start":{"line":115,"column":8},"end":{"line":115,"column":8}}]},"11":{"line":147,"type":"if","locations":[{"start":{"line":147,"column":28},"end":{"line":147,"column":28}},{"start":{"line":147,"column":28},"end":{"line":147,"column":28}}]},"12":{"line":154,"type":"if","locations":[{"start":{"line":154,"column":30},"end":{"line":154,"column":30}},{"start":{"line":154,"column":30},"end":{"line":154,"column":30}}]}}},
"contracts/IAverageEmissionsOracle.sol":{"l":{},"path":"/Users/yds/Desktop/CSBC2010/CarbonCreditNFT/contracts/IAverageEmissionsOracle.sol","s":{},"b":{},"f":{},"fnMap":{},"statementMap":{},"branchMap":{}},
"contracts/IProjectEmissionsOracle.sol":{"l":{},"path":"/Users/yds/Desktop/CSBC2010/CarbonCreditNFT/contracts/IProjectEmissionsOracle.sol","s":{},"b":{},"f":{},"fnMap":{},"statementMap":{},"branchMap":{}},
"contracts/MockAverageEmissionsOracle.sol":{"l":{"19":18,"20":17,"27":17,"28":16,"35":18,"43":16,"51":1,"59":37,"67":16},"path":"/Users/yds/Desktop/CSBC2010/CarbonCreditNFT/contracts/MockAverageEmissionsOracle.sol","s":{"1":18,"2":17,"3":37},"b":{"1":[17,1],"2":[16,1],"3":[16,1],"4":[1,0],"5":[16,1]},"f":{"1":18,"2":17,"3":18,"4":16,"5":1,"6":37,"7":16},"fnMap":{"1":{"name":"onlyAdmin","line":18,"loc":{"start":{"line":18,"column":4},"end":{"line":21,"column":4}}},"2":{"name":"onlyTrustedSource","line":26,"loc":{"start":{"line":26,"column":4},"end":{"line":29,"column":4}}},"3":{"name":"constructor","line":34,"loc":{"start":{"line":34,"column":4},"end":{"line":36,"column":4}}},"4":{"name":"addTrustedSource","line":42,"loc":{"start":{"line":42,"column":4},"end":{"line":44,"column":4}}},"5":{"name":"removeTrustedSource","line":50,"loc":{"start":{"line":50,"column":4},"end":{"line":52,"column":4}}},"6":{"name":"getAverageEmissionsFactor","line":58,"loc":{"start":{"line":58,"column":4},"end":{"line":60,"column":4}}},"7":{"name":"updateAverageEmissionsFactor","line":66,"loc":{"start":{"line":66,"column":4},"end":{"line":68,"column":4}}}},"statementMap":{"1":{"start":{"line":19,"column":8},"end":{"line":19,"column":72}},"2":{"start":{"line":27,"column":8},"end":{"line":27,"column":89}},"3":{"start":{"line":59,"column":8},"end":{"line":59,"column":37}}},"branchMap":{"1":{"line":19,"type":"if","locations":[{"start":{"line":19,"column":8},"end":{"line":19,"column":8}},{"start":{"line":19,"column":8},"end":{"line":19,"column":8}}]},"2":{"line":27,"type":"if","locations":[{"start":{"line":27,"column":8},"end":{"line":27,"column":8}},{"start":{"line":27,"column":8},"end":{"line":27,"column":8}}]},"3":{"line":42,"type":"if","locations":[{"start":{"line":42,"column":55},"end":{"line":42,"column":55}},{"start":{"line":42,"column":55},"end":{"line":42,"column":55}}]},"4":{"line":50,"type":"if","locations":[{"start":{"line":50,"column":58},"end":{"line":50,"column":58}},{"start":{"line":50,"column":58},"end":{"line":50,"column":58}}]},"5":{"line":66,"type":"if","locations":[{"start":{"line":66,"column":85},"end":{"line":66,"column":85}},{"start":{"line":66,"column":85},"end":{"line":66,"column":85}}]}}},
"contracts/MockProjectEmissionsOracle.sol":{"l":{"21":18,"22":17,"29":19,"30":18,"37":18,"45":16,"53":1,"61":33,"71":18,"72":18,"73":18,"82":37,"83":37,"92":37,"93":37},"path":"/Users/yds/Desktop/CSBC2010/CarbonCreditNFT/contracts/MockProjectEmissionsOracle.sol","s":{"1":18,"2":19,"3":18,"4":37,"5":37,"6":37,"7":37},"b":{"1":[17,1],"2":[18,1],"3":[16,1],"4":[1,0],"5":[18,1],"6":[18,0],"7":[37,0],"8":[37,0]},"f":{"1":18,"2":19,"3":18,"4":16,"5":1,"6":33,"7":18,"8":37,"9":37},"fnMap":{"1":{"name":"onlyAdmin","line":20,"loc":{"start":{"line":20,"column":4},"end":{"line":23,"column":4}}},"2":{"name":"onlyTrustedSource","line":28,"loc":{"start":{"line":28,"column":4},"end":{"line":31,"column":4}}},"3":{"name":"constructor","line":36,"loc":{"start":{"line":36,"column":4},"end":{"line":38,"column":4}}},"4":{"name":"addTrustedSource","line":44,"loc":{"start":{"line":44,"column":4},"end":{"line":46,"column":4}}},"5":{"name":"removeTrustedSource","line":52,"loc":{"start":{"line":52,"column":4},"end":{"line":54,"column":4}}},"6":{"name":"registerProject","line":60,"loc":{"start":{"line":60,"column":4},"end":{"line":62,"column":4}}},"7":{"name":"updateProjectData","line":70,"loc":{"start":{"line":70,"column":4},"end":{"line":74,"column":4}}},"8":{"name":"getProjectEmissionsData","line":81,"loc":{"start":{"line":81,"column":4},"end":{"line":84,"column":4}}},"9":{"name":"getEnergyProduced","line":91,"loc":{"start":{"line":91,"column":4},"end":{"line":94,"column":4}}}},"statementMap":{"1":{"start":{"line":21,"column":8},"end":{"line":21,"column":72}},"2":{"start":{"line":29,"column":8},"end":{"line":29,"column":89}},"3":{"start":{"line":71,"column":8},"end":{"line":71,"column":69}},"4":{"start":{"line":82,"column":8},"end":{"line":82,"column":69}},"5":{"start":{"line":83,"column":8},"end":{"line":83,"column":44}},"6":{"start":{"line":92,"column":8},"end":{"line":92,"column":69}},"7":{"start":{"line":93,"column":8},"end":{"line":93,"column":42}}},"branchMap":{"1":{"line":21,"type":"if","locations":[{"start":{"line":21,"column":8},"end":{"line":21,"column":8}},{"start":{"line":21,"column":8},"end":{"line":21,"column":8}}]},"2":{"line":29,"type":"if","locations":[{"start":{"line":29,"column":8},"end":{"line":29,"column":8}},{"start":{"line":29,"column":8},"end":{"line":29,"column":8}}]},"3":{"line":44,"type":"if","locations":[{"start":{"line":44,"column":55},"end":{"line":44,"column":55}},{"start":{"line":44,"column":55},"end":{"line":44,"column":55}}]},"4":{"line":52,"type":"if","locations":[{"start":{"line":52,"column":58},"end":{"line":52,"column":58}},{"start":{"line":52,"column":58},"end":{"line":52,"column":58}}]},"5":{"line":70,"type":"if","locations":[{"start":{"line":70,"column":100},"end":{"line":70,"column":100}},{"start":{"line":70,"column":100},"end":{"line":70,"column":100}}]},"6":{"line":71,"type":"if","locations":[{"start":{"line":71,"column":8},"end":{"line":71,"column":8}},{"start":{"line":71,"column":8},"end":{"line":71,"column":8}}]},"7":{"line":82,"type":"if","locations":[{"start":{"line":82,"column":8},"end":{"line":82,"column":8}},{"start":{"line":82,"column":8},"end":{"line":82,"column":8}}]},"8":{"line":92,"type":"if","locations":[{"start":{"line":92,"column":8},"end":{"line":92,"column":8}},{"start":{"line":92,"column":8},"end":{"line":92,"column":8}}]}}}}
