TN:
SF:/Users/yds/Desktop/CSBC2010/CarbonCreditNFT/contracts/CarbonCreditNFT.sol
FN:61,constructor
FN:73,registerProject
FN:90,mintCarbonCredit
FN:134,calculateCO2Reduction
FN:147,pause
FN:154,unpause
FNF:6
FNH:6
FNDA:14,constructor
FNDA:18,registerProject
FNDA:6,mintCarbonCredit
FNDA:3,calculateCO2Reduction
FNDA:3,pause
FNDA:2,unpause
DA:63,14
DA:64,14
DA:65,14
DA:66,14
DA:74,18
DA:75,17
DA:80,17
DA:81,17
DA:82,17
DA:91,6
DA:92,6
DA:94,6
DA:96,6
DA:97,0
DA:100,6
DA:101,6
DA:102,6
DA:105,6
DA:106,6
DA:107,6
DA:109,6
DA:110,5
DA:111,3
DA:113,3
DA:114,3
DA:115,3
DA:117,2
DA:119,2
DA:120,2
DA:121,2
DA:124,2
DA:140,3
DA:141,3
DA:148,3
DA:155,2
LF:35
LH:34
BRDA:73,1,0,18
BRDA:73,1,1,1
BRDA:74,2,0,17
BRDA:74,2,1,1
BRDA:90,3,0,6
BRDA:90,3,1,0
BRDA:92,4,0,6
BRDA:92,4,1,0
BRDA:96,5,0,0
BRDA:96,5,1,6
BRDA:97,6,0,0
BRDA:97,6,1,0
BRDA:109,7,0,5
BRDA:109,7,1,1
BRDA:110,8,0,3
BRDA:110,8,1,2
BRDA:111,9,0,3
BRDA:111,9,1,0
BRDA:115,10,0,2
BRDA:115,10,1,1
BRDA:147,11,0,3
BRDA:147,11,1,0
BRDA:154,12,0,2
BRDA:154,12,1,0
BRF:24
BRH:16
end_of_record
TN:
SF:/Users/yds/Desktop/CSBC2010/CarbonCreditNFT/contracts/IAverageEmissionsOracle.sol
FNF:0
FNH:0
LF:0
LH:0
BRF:0
BRH:0
end_of_record
TN:
SF:/Users/yds/Desktop/CSBC2010/CarbonCreditNFT/contracts/IProjectEmissionsOracle.sol
FNF:0
FNH:0
LF:0
LH:0
BRF:0
BRH:0
end_of_record
TN:
SF:/Users/yds/Desktop/CSBC2010/CarbonCreditNFT/contracts/MockAverageEmissionsOracle.sol
FN:18,onlyAdmin
FN:26,onlyTrustedSource
FN:34,constructor
FN:42,addTrustedSource
FN:50,removeTrustedSource
FN:58,getAverageEmissionsFactor
FN:66,updateAverageEmissionsFactor
FNF:7
FNH:7
FNDA:18,onlyAdmin
FNDA:17,onlyTrustedSource
FNDA:18,constructor
FNDA:16,addTrustedSource
FNDA:1,removeTrustedSource
FNDA:37,getAverageEmissionsFactor
FNDA:16,updateAverageEmissionsFactor
DA:19,18
DA:20,17
DA:27,17
DA:28,16
DA:35,18
DA:43,16
DA:51,1
DA:59,37
DA:67,16
LF:9
LH:9
BRDA:19,1,0,17
BRDA:19,1,1,1
BRDA:27,2,0,16
BRDA:27,2,1,1
BRDA:42,3,0,16
BRDA:42,3,1,1
BRDA:50,4,0,1
BRDA:50,4,1,0
BRDA:66,5,0,16
BRDA:66,5,1,1
BRF:10
BRH:9
end_of_record
TN:
SF:/Users/yds/Desktop/CSBC2010/CarbonCreditNFT/contracts/MockProjectEmissionsOracle.sol
FN:20,onlyAdmin
FN:28,onlyTrustedSource
FN:36,constructor
FN:44,addTrustedSource
FN:52,removeTrustedSource
FN:60,registerProject
FN:70,updateProjectData
FN:81,getProjectEmissionsData
FN:91,getEnergyProduced
FNF:9
FNH:9
FNDA:18,onlyAdmin
FNDA:19,onlyTrustedSource
FNDA:18,constructor
FNDA:16,addTrustedSource
FNDA:1,removeTrustedSource
FNDA:33,registerProject
FNDA:18,updateProjectData
FNDA:37,getProjectEmissionsData
FNDA:37,getEnergyProduced
DA:21,18
DA:22,17
DA:29,19
DA:30,18
DA:37,18
DA:45,16
DA:53,1
DA:61,33
DA:71,18
DA:72,18
DA:73,18
DA:82,37
DA:83,37
DA:92,37
DA:93,37
LF:15
LH:15
BRDA:21,1,0,17
BRDA:21,1,1,1
BRDA:29,2,0,18
BRDA:29,2,1,1
BRDA:44,3,0,16
BRDA:44,3,1,1
BRDA:52,4,0,1
BRDA:52,4,1,0
BRDA:70,5,0,18
BRDA:70,5,1,1
BRDA:71,6,0,18
BRDA:71,6,1,0
BRDA:82,7,0,37
BRDA:82,7,1,0
BRDA:92,8,0,37
BRDA:92,8,1,0
BRF:16
BRH:12
end_of_record
